<?xml version="1.0" encoding="UTF-8"?>
<testsuite name="com.retail.controller.StoreControllerTest" tests="1" skipped="0" failures="0" errors="0" timestamp="2024-07-16T14:12:39" hostname="mx" time="0.389">
  <properties/>
  <testcase name="testBill_SUCCESS()" classname="com.retail.controller.StoreControllerTest" time="0.389"/>
  <system-out><![CDATA[10:12:33.669 [Test worker] INFO org.springframework.test.context.support.AnnotationConfigContextLoaderUtils -- Could not detect default configuration classes for test class [com.retail.controller.StoreControllerTest]: StoreControllerTest does not declare any static, non-private, non-final, nested classes annotated with @Configuration.
10:12:33.987 [Test worker] INFO org.springframework.boot.test.context.SpringBootTestContextBootstrapper -- Found @SpringBootConfiguration com.retail.RetailManagementApplication for test class com.retail.controller.StoreControllerTest

  .   ____          _            __ _ _
 /\\ / ___'_ __ _ _(_)_ __  __ _ \ \ \ \
( ( )\___ | '_ | '_| | '_ \/ _` | \ \ \ \
 \\/  ___)| |_)| | | | | || (_| |  ) ) ) )
  '  |____| .__|_| |_|_| |_\__, | / / / /
 =========|_|==============|___/=/_/_/_/

 :: Spring Boot ::                (v3.3.1)

2024-07-16T10:12:34.900-04:00  INFO 7316 --- [retail-management] [    Test worker] c.retail.controller.StoreControllerTest  : Starting StoreControllerTest using Java 17.0.11 with PID 7316 (started by jibran in /home/jibran/Nagarro/retail-management)
2024-07-16T10:12:34.904-04:00  INFO 7316 --- [retail-management] [    Test worker] c.retail.controller.StoreControllerTest  : The following 1 profile is active: "test"
2024-07-16T10:12:39.572-04:00  INFO 7316 --- [retail-management] [    Test worker] o.s.b.t.m.w.SpringBootMockServletContext : Initializing Spring TestDispatcherServlet ''
2024-07-16T10:12:39.573-04:00  INFO 7316 --- [retail-management] [    Test worker] o.s.t.web.servlet.TestDispatcherServlet  : Initializing Servlet ''
2024-07-16T10:12:39.580-04:00  INFO 7316 --- [retail-management] [    Test worker] o.s.t.web.servlet.TestDispatcherServlet  : Completed initialization in 2 ms
2024-07-16T10:12:39.648-04:00  INFO 7316 --- [retail-management] [    Test worker] c.retail.controller.StoreControllerTest  : Started StoreControllerTest in 5.414 seconds (process running for 7.708)
2024-07-16T10:12:40.010-04:00  INFO 7316 --- [retail-management] [    Test worker] com.retail.controller.StoreController    : Request received:null

MockHttpServletRequest:
      HTTP Method = POST
      Request URI = /store/bill
       Parameters = {}
          Headers = [Content-Type:"application/json;charset=UTF-8", Accept:"application/json", Content-Length:"312"]
             Body = {"customerType":null,"itemList":[{"name":"Chicken","amount":10.99,"itemType":"GROCERY"},{"name":"Butter","amount":15.95,"itemType":"GROCERY"},{"name":"Shoes","amount":250.0,"itemType":"NON_GROCERY"},{"name":"Shirt","amount":88.23,"itemType":"NON_GROCERY"},{"name":"Belt","amount":20.5,"itemType":"NON_GROCERY"}]}
    Session Attrs = {}

Handler:
             Type = com.retail.controller.StoreController
           Method = com.retail.controller.StoreController#generateBill(Customer)

Async:
    Async started = false
     Async result = null

Resolved Exception:
             Type = null

ModelAndView:
        View name = null
             View = null
            Model = null

FlashMap:
       Attributes = null

MockHttpServletResponse:
           Status = 200
    Error message = null
          Headers = []
     Content type = null
             Body = 
    Forwarded URL = null
   Redirected URL = null
          Cookies = []
]]></system-out>
  <system-err><![CDATA[]]></system-err>
</testsuite>
